<?xml version="1.0" encoding="UTF-8"?>
<testng-results total="1" passed="1" failed="0" skipped="0">
  <reporter-output>
  </reporter-output>
  <suite started-at="2022-04-22T09:47:49Z" name="Default suite" finished-at="2022-04-22T09:47:52Z" duration-ms="3002">
    <groups>
    </groups>
    <test started-at="2022-04-22T09:47:49Z" name="Default test" finished-at="2022-04-22T09:47:52Z" duration-ms="3002">
      <class name="rmgYantraTestFramework.CreateProjectAndVerifyInDatabase">
        <test-method is-config="true" signature="bsConfig()[pri:0, instance:rmgYantraTestFramework.CreateProjectAndVerifyInDatabase@4e31276e]" started-at="2022-04-22T15:17:48Z" name="bsConfig" finished-at="2022-04-22T15:17:49Z" duration-ms="701" status="PASS">
          <reporter-output>
          </reporter-output>
        </test-method> <!-- bsConfig -->
        <test-method signature="createProjectVerifyInDb()[pri:0, instance:rmgYantraTestFramework.CreateProjectAndVerifyInDatabase@4e31276e]" started-at="2022-04-22T15:17:49Z" name="createProjectVerifyInDb" finished-at="2022-04-22T15:17:52Z" duration-ms="2986" status="PASS">
          <reporter-output>
          </reporter-output>
        </test-method> <!-- createProjectVerifyInDb -->
        <test-method is-config="true" signature="asConfig()[pri:0, instance:rmgYantraTestFramework.CreateProjectAndVerifyInDatabase@4e31276e]" started-at="2022-04-22T15:17:52Z" name="asConfig" finished-at="2022-04-22T15:17:52Z" duration-ms="6" status="PASS">
          <reporter-output>
          </reporter-output>
        </test-method> <!-- asConfig -->
      </class> <!-- rmgYantraTestFramework.CreateProjectAndVerifyInDatabase -->
    </test> <!-- Default test -->
  </suite> <!-- Default suite -->
</testng-results>
